This file contains any messages produced by compilers while
running configure, to aid debugging if configure makes a mistake.

It was created by nutcracker configure 0.2.4, which was
generated by GNU Autoconf 2.68.  Invocation command line was

  $ ./configure --enable-debug=full

## --------- ##
## Platform. ##
## --------- ##

hostname = mob
uname -m = x86_64
uname -r = 2.6.18-194.el5
uname -s = Linux
uname -v = #1 SMP Fri Apr 2 14:58:14 EDT 2010

/usr/bin/uname -p = unknown
/bin/uname -X     = unknown

/bin/arch              = x86_64
/usr/bin/arch -k       = unknown
/usr/convex/getsysinfo = unknown
/usr/bin/hostinfo      = unknown
/bin/machine           = unknown
/usr/bin/oslevel       = unknown
/bin/universe          = unknown

PATH: /home/zengchaoyu/bin
PATH: /usr/local/bin/
PATH: /usr/bin/
PATH: /usr/kerberos/bin
PATH: /usr/local/bin
PATH: /bin
PATH: /usr/bin
PATH: /home/zengchaoyu/bin
PATH: /home/zengchaoyu/bin


## ----------- ##
## Core tests. ##
## ----------- ##

configure:2553: checking for a BSD-compatible install
configure:2621: result: /usr/bin//install -c
configure:2632: checking whether build environment is sane
configure:2682: result: yes
configure:2823: checking for a thread-safe mkdir -p
configure:2862: result: /bin/mkdir -p
configure:2875: checking for gawk
configure:2891: found /usr/bin//gawk
configure:2902: result: gawk
configure:2913: checking whether make sets $(MAKE)
configure:2935: result: yes
configure:3043: checking for gawk
configure:3070: result: gawk
configure:3129: checking for gcc
configure:3145: found /usr/local/bin//gcc
configure:3156: result: gcc
configure:3385: checking for C compiler version
configure:3394: gcc --version >&5
gcc (GCC) 4.8.1
Copyright (C) 2013 Free Software Foundation, Inc.
This is free software; see the source for copying conditions.  There is NO
warranty; not even for MERCHANTABILITY or FITNESS FOR A PARTICULAR PURPOSE.

configure:3405: $? = 0
configure:3394: gcc -v >&5
Using built-in specs.
COLLECT_GCC=gcc
COLLECT_LTO_WRAPPER=/usr/local/libexec/gcc/x86_64-unknown-linux-gnu/4.8.1/lto-wrapper
Target: x86_64-unknown-linux-gnu
Configured with: ./configure --with-gmp=/usr/local --with-mpfr=/usr/local --with-mpc=/usr/local
Thread model: posix
gcc version 4.8.1 (GCC) 
configure:3405: $? = 0
configure:3394: gcc -V >&5
gcc: error: unrecognized command line option '-V'
gcc: fatal error: no input files
compilation terminated.
configure:3405: $? = 1
configure:3394: gcc -qversion >&5
gcc: error: unrecognized command line option '-qversion'
gcc: fatal error: no input files
compilation terminated.
configure:3405: $? = 1
configure:3425: checking whether the C compiler works
configure:3447: gcc -ggdb3 -O0   conftest.c  >&5
configure:3451: $? = 0
configure:3499: result: yes
configure:3502: checking for C compiler default output file name
configure:3504: result: a.out
configure:3510: checking for suffix of executables
configure:3517: gcc -o conftest -ggdb3 -O0   conftest.c  >&5
configure:3521: $? = 0
configure:3543: result: 
configure:3565: checking whether we are cross compiling
configure:3573: gcc -o conftest -ggdb3 -O0   conftest.c  >&5
configure:3577: $? = 0
configure:3584: ./conftest
configure:3588: $? = 0
configure:3603: result: no
configure:3608: checking for suffix of object files
configure:3630: gcc -c -ggdb3 -O0  conftest.c >&5
configure:3634: $? = 0
configure:3655: result: o
configure:3659: checking whether we are using the GNU C compiler
configure:3678: gcc -c -ggdb3 -O0  conftest.c >&5
configure:3678: $? = 0
configure:3687: result: yes
configure:3696: checking whether gcc accepts -g
configure:3716: gcc -c -g  conftest.c >&5
configure:3716: $? = 0
configure:3757: result: yes
configure:3774: checking for gcc option to accept ISO C89
configure:3838: gcc  -c -ggdb3 -O0  conftest.c >&5
configure:3838: $? = 0
configure:3851: result: none needed
configure:3882: checking for style of include used by make
configure:3910: result: GNU
configure:3936: checking dependency style of gcc
configure:4047: result: gcc3
configure:4067: checking how to run the C preprocessor
configure:4098: gcc -E  conftest.c
configure:4098: $? = 0
configure:4112: gcc -E  conftest.c
conftest.c:15:28: fatal error: ac_nonexistent.h: No such file or directory
 #include <ac_nonexistent.h>
                            ^
compilation terminated.
configure:4112: $? = 1
configure: failed program was:
| /* confdefs.h */
| #define PACKAGE_NAME "nutcracker"
| #define PACKAGE_TARNAME "nutcracker"
| #define PACKAGE_VERSION "0.2.4"
| #define PACKAGE_STRING "nutcracker 0.2.4"
| #define PACKAGE_BUGREPORT "manj@twitter.com"
| #define PACKAGE_URL ""
| #define PACKAGE "nutcracker"
| #define VERSION "0.2.4"
| #define NC_VERSION_MAJOR 0
| #define NC_VERSION_MINOR 2
| #define NC_VERSION_PATCH 4
| #define NC_VERSION_STRING "0.2.4"
| /* end confdefs.h.  */
| #include <ac_nonexistent.h>
configure:4137: result: gcc -E
configure:4157: gcc -E  conftest.c
configure:4157: $? = 0
configure:4171: gcc -E  conftest.c
conftest.c:15:28: fatal error: ac_nonexistent.h: No such file or directory
 #include <ac_nonexistent.h>
                            ^
compilation terminated.
configure:4171: $? = 1
configure: failed program was:
| /* confdefs.h */
| #define PACKAGE_NAME "nutcracker"
| #define PACKAGE_TARNAME "nutcracker"
| #define PACKAGE_VERSION "0.2.4"
| #define PACKAGE_STRING "nutcracker 0.2.4"
| #define PACKAGE_BUGREPORT "manj@twitter.com"
| #define PACKAGE_URL ""
| #define PACKAGE "nutcracker"
| #define VERSION "0.2.4"
| #define NC_VERSION_MAJOR 0
| #define NC_VERSION_MINOR 2
| #define NC_VERSION_PATCH 4
| #define NC_VERSION_STRING "0.2.4"
| /* end confdefs.h.  */
| #include <ac_nonexistent.h>
configure:4257: checking for g++
configure:4273: found /usr/local/bin//g++
configure:4284: result: g++
configure:4311: checking for C++ compiler version
configure:4320: g++ --version >&5
g++ (GCC) 4.8.1
Copyright (C) 2013 Free Software Foundation, Inc.
This is free software; see the source for copying conditions.  There is NO
warranty; not even for MERCHANTABILITY or FITNESS FOR A PARTICULAR PURPOSE.

configure:4331: $? = 0
configure:4320: g++ -v >&5
Using built-in specs.
COLLECT_GCC=g++
COLLECT_LTO_WRAPPER=/usr/local/libexec/gcc/x86_64-unknown-linux-gnu/4.8.1/lto-wrapper
Target: x86_64-unknown-linux-gnu
Configured with: ./configure --with-gmp=/usr/local --with-mpfr=/usr/local --with-mpc=/usr/local
Thread model: posix
gcc version 4.8.1 (GCC) 
configure:4331: $? = 0
configure:4320: g++ -V >&5
g++: error: unrecognized command line option '-V'
g++: fatal error: no input files
compilation terminated.
configure:4331: $? = 1
configure:4320: g++ -qversion >&5
g++: error: unrecognized command line option '-qversion'
g++: fatal error: no input files
compilation terminated.
configure:4331: $? = 1
configure:4335: checking whether we are using the GNU C++ compiler
configure:4354: g++ -c   conftest.cpp >&5
configure:4354: $? = 0
configure:4363: result: yes
configure:4372: checking whether g++ accepts -g
configure:4392: g++ -c -g  conftest.cpp >&5
configure:4392: $? = 0
configure:4433: result: yes
configure:4458: checking dependency style of g++
configure:4569: result: gcc3
configure:4585: checking whether ln -s works
configure:4589: result: yes
configure:4596: checking whether make sets $(MAKE)
configure:4618: result: yes
configure:4670: checking for ranlib
configure:4686: found /usr/local/bin//ranlib
configure:4697: result: ranlib
configure:4748: checking build system type
configure:4762: result: x86_64-unknown-linux-gnu
configure:4782: checking host system type
configure:4795: result: x86_64-unknown-linux-gnu
configure:4836: checking how to print strings
configure:4863: result: printf
configure:4884: checking for a sed that does not truncate output
configure:4948: result: /bin/sed
configure:4966: checking for grep that handles long lines and -e
configure:5024: result: /bin/grep
configure:5029: checking for egrep
configure:5091: result: /bin/grep -E
configure:5096: checking for fgrep
configure:5158: result: /bin/grep -F
configure:5193: checking for ld used by gcc
configure:5260: result: /usr/local/x86_64-unknown-linux-gnu/bin/ld
configure:5267: checking if the linker (/usr/local/x86_64-unknown-linux-gnu/bin/ld) is GNU ld
configure:5282: result: yes
configure:5294: checking for BSD- or MS-compatible name lister (nm)
configure:5343: result: /usr/local/bin//nm -B
configure:5473: checking the name lister (/usr/local/bin//nm -B) interface
configure:5480: gcc -c -ggdb3 -O0  conftest.c >&5
configure:5483: /usr/local/bin//nm -B "conftest.o"
configure:5486: output
0000000000000000 B some_variable
0000000000000000 n wm4.1.44484b2647102d3abb7e3575686da3c2
configure:5493: result: BSD nm
configure:5497: checking the maximum length of command line arguments
configure:5627: result: 98304
configure:5644: checking whether the shell understands some XSI constructs
configure:5654: result: yes
configure:5658: checking whether the shell understands "+="
configure:5664: result: yes
configure:5699: checking how to convert x86_64-unknown-linux-gnu file names to x86_64-unknown-linux-gnu format
configure:5739: result: func_convert_file_noop
configure:5746: checking how to convert x86_64-unknown-linux-gnu file names to toolchain format
configure:5766: result: func_convert_file_noop
configure:5773: checking for /usr/local/x86_64-unknown-linux-gnu/bin/ld option to reload object files
configure:5780: result: -r
configure:5854: checking for objdump
configure:5870: found /usr/local/bin//objdump
configure:5881: result: objdump
configure:5913: checking how to recognize dependent libraries
configure:6115: result: pass_all
configure:6200: checking for dlltool
configure:6230: result: no
configure:6260: checking how to associate runtime and link libraries
configure:6287: result: printf %s\n
configure:6348: checking for ar
configure:6364: found /usr/local/bin//ar
configure:6375: result: ar
configure:6412: checking for archiver @FILE support
configure:6429: gcc -c -ggdb3 -O0  conftest.c >&5
configure:6429: $? = 0
configure:6432: ar cru libconftest.a @conftest.lst >&5
configure:6435: $? = 0
configure:6440: ar cru libconftest.a @conftest.lst >&5
ar: conftest.o: No such file or directory
configure:6443: $? = 1
configure:6455: result: @
configure:6513: checking for strip
configure:6529: found /usr/local/bin//strip
configure:6540: result: strip
configure:6612: checking for ranlib
configure:6639: result: ranlib
configure:6741: checking command to parse /usr/local/bin//nm -B output from gcc object
configure:6861: gcc -c -ggdb3 -O0  conftest.c >&5
configure:6864: $? = 0
configure:6868: /usr/local/bin//nm -B conftest.o \| sed -n -e 's/^.*[ ]\([ABCDGIRSTW][ABCDGIRSTW]*\)[ ][ ]*\([_A-Za-z][_A-Za-z0-9]*\)$/\1 \2 \2/p' | sed '/ __gnu_lto/d' \> conftest.nm
configure:6871: $? = 0
configure:6937: gcc -o conftest -ggdb3 -O0   conftest.c conftstm.o >&5
configure:6940: $? = 0
configure:6978: result: ok
configure:7015: checking for sysroot
configure:7045: result: no
configure:7122: gcc -c -ggdb3 -O0  conftest.c >&5
configure:7125: $? = 0
configure:7301: checking for mt
configure:7331: result: no
configure:7351: checking if : is a manifest tool
configure:7357: : '-?'
configure:7365: result: no
configure:8003: checking for ANSI C header files
configure:8023: gcc -c -ggdb3 -O0  conftest.c >&5
configure:8023: $? = 0
configure:8096: gcc -o conftest -ggdb3 -O0   conftest.c  >&5
configure:8096: $? = 0
configure:8096: ./conftest
configure:8096: $? = 0
configure:8107: result: yes
configure:8120: checking for sys/types.h
configure:8120: gcc -c -ggdb3 -O0  conftest.c >&5
configure:8120: $? = 0
configure:8120: result: yes
configure:8120: checking for sys/stat.h
configure:8120: gcc -c -ggdb3 -O0  conftest.c >&5
configure:8120: $? = 0
configure:8120: result: yes
configure:8120: checking for stdlib.h
configure:8120: gcc -c -ggdb3 -O0  conftest.c >&5
configure:8120: $? = 0
configure:8120: result: yes
configure:8120: checking for string.h
configure:8120: gcc -c -ggdb3 -O0  conftest.c >&5
configure:8120: $? = 0
configure:8120: result: yes
configure:8120: checking for memory.h
configure:8120: gcc -c -ggdb3 -O0  conftest.c >&5
configure:8120: $? = 0
configure:8120: result: yes
configure:8120: checking for strings.h
configure:8120: gcc -c -ggdb3 -O0  conftest.c >&5
configure:8120: $? = 0
configure:8120: result: yes
configure:8120: checking for inttypes.h
configure:8120: gcc -c -ggdb3 -O0  conftest.c >&5
configure:8120: $? = 0
configure:8120: result: yes
configure:8120: checking for stdint.h
configure:8120: gcc -c -ggdb3 -O0  conftest.c >&5
configure:8120: $? = 0
configure:8120: result: yes
configure:8120: checking for unistd.h
configure:8120: gcc -c -ggdb3 -O0  conftest.c >&5
configure:8120: $? = 0
configure:8120: result: yes
configure:8134: checking for dlfcn.h
configure:8134: gcc -c -ggdb3 -O0  conftest.c >&5
configure:8134: $? = 0
configure:8134: result: yes
configure:8351: checking for objdir
configure:8366: result: .libs
configure:8637: checking if gcc supports -fno-rtti -fno-exceptions
configure:8655: gcc -c -ggdb3 -O0  -fno-rtti -fno-exceptions conftest.c >&5
cc1: warning: command line option '-fno-rtti' is valid for C++/ObjC++ but not for C [enabled by default]
configure:8659: $? = 0
configure:8672: result: no
configure:8999: checking for gcc option to produce PIC
configure:9006: result: -fPIC -DPIC
configure:9014: checking if gcc PIC flag -fPIC -DPIC works
configure:9032: gcc -c -ggdb3 -O0  -fPIC -DPIC -DPIC conftest.c >&5
configure:9036: $? = 0
configure:9049: result: yes
configure:9078: checking if gcc static flag -static works
configure:9106: result: yes
configure:9121: checking if gcc supports -c -o file.o
configure:9142: gcc -c -ggdb3 -O0  -o out/conftest2.o conftest.c >&5
configure:9146: $? = 0
configure:9168: result: yes
configure:9176: checking if gcc supports -c -o file.o
configure:9223: result: yes
configure:9256: checking whether the gcc linker (/usr/local/x86_64-unknown-linux-gnu/bin/ld -m elf_x86_64) supports shared libraries
configure:10413: result: yes
configure:10450: checking whether -lc should be explicitly linked in
configure:10458: gcc -c -ggdb3 -O0  conftest.c >&5
configure:10461: $? = 0
configure:10476: gcc -shared  -fPIC -DPIC conftest.o  -v -Wl,-soname -Wl,conftest -o conftest 2\>\&1 \| /bin/grep  -lc  \>/dev/null 2\>\&1
configure:10479: $? = 0
configure:10493: result: no
configure:10653: checking dynamic linker characteristics
configure:11164: gcc -o conftest -ggdb3 -O0   -Wl,-rpath -Wl,/foo conftest.c  >&5
configure:11164: $? = 0
configure:11398: result: GNU/Linux ld.so
configure:11505: checking how to hardcode library paths into programs
configure:11530: result: immediate
configure:12070: checking whether stripping libraries is possible
configure:12075: result: yes
configure:12110: checking if libtool supports shared libraries
configure:12112: result: yes
configure:12115: checking whether to build shared libraries
configure:12136: result: yes
configure:12139: checking whether to build static libraries
configure:12143: result: yes
configure:12166: checking how to run the C++ preprocessor
configure:12193: g++ -E  conftest.cpp
configure:12193: $? = 0
configure:12207: g++ -E  conftest.cpp
conftest.cpp:27:28: fatal error: ac_nonexistent.h: No such file or directory
 #include <ac_nonexistent.h>
                            ^
compilation terminated.
configure:12207: $? = 1
configure: failed program was:
| /* confdefs.h */
| #define PACKAGE_NAME "nutcracker"
| #define PACKAGE_TARNAME "nutcracker"
| #define PACKAGE_VERSION "0.2.4"
| #define PACKAGE_STRING "nutcracker 0.2.4"
| #define PACKAGE_BUGREPORT "manj@twitter.com"
| #define PACKAGE_URL ""
| #define PACKAGE "nutcracker"
| #define VERSION "0.2.4"
| #define NC_VERSION_MAJOR 0
| #define NC_VERSION_MINOR 2
| #define NC_VERSION_PATCH 4
| #define NC_VERSION_STRING "0.2.4"
| #define STDC_HEADERS 1
| #define HAVE_SYS_TYPES_H 1
| #define HAVE_SYS_STAT_H 1
| #define HAVE_STDLIB_H 1
| #define HAVE_STRING_H 1
| #define HAVE_MEMORY_H 1
| #define HAVE_STRINGS_H 1
| #define HAVE_INTTYPES_H 1
| #define HAVE_STDINT_H 1
| #define HAVE_UNISTD_H 1
| #define HAVE_DLFCN_H 1
| #define LT_OBJDIR ".libs/"
| /* end confdefs.h.  */
| #include <ac_nonexistent.h>
configure:12232: result: g++ -E
configure:12252: g++ -E  conftest.cpp
configure:12252: $? = 0
configure:12266: g++ -E  conftest.cpp
conftest.cpp:27:28: fatal error: ac_nonexistent.h: No such file or directory
 #include <ac_nonexistent.h>
                            ^
compilation terminated.
configure:12266: $? = 1
configure: failed program was:
| /* confdefs.h */
| #define PACKAGE_NAME "nutcracker"
| #define PACKAGE_TARNAME "nutcracker"
| #define PACKAGE_VERSION "0.2.4"
| #define PACKAGE_STRING "nutcracker 0.2.4"
| #define PACKAGE_BUGREPORT "manj@twitter.com"
| #define PACKAGE_URL ""
| #define PACKAGE "nutcracker"
| #define VERSION "0.2.4"
| #define NC_VERSION_MAJOR 0
| #define NC_VERSION_MINOR 2
| #define NC_VERSION_PATCH 4
| #define NC_VERSION_STRING "0.2.4"
| #define STDC_HEADERS 1
| #define HAVE_SYS_TYPES_H 1
| #define HAVE_SYS_STAT_H 1
| #define HAVE_STDLIB_H 1
| #define HAVE_STRING_H 1
| #define HAVE_MEMORY_H 1
| #define HAVE_STRINGS_H 1
| #define HAVE_INTTYPES_H 1
| #define HAVE_STDINT_H 1
| #define HAVE_UNISTD_H 1
| #define HAVE_DLFCN_H 1
| #define LT_OBJDIR ".libs/"
| /* end confdefs.h.  */
| #include <ac_nonexistent.h>
configure:12435: checking for ld used by g++
configure:12502: result: /usr/local/x86_64-unknown-linux-gnu/bin/ld -m elf_x86_64
configure:12509: checking if the linker (/usr/local/x86_64-unknown-linux-gnu/bin/ld -m elf_x86_64) is GNU ld
configure:12524: result: yes
configure:12579: checking whether the g++ linker (/usr/local/x86_64-unknown-linux-gnu/bin/ld -m elf_x86_64) supports shared libraries
configure:13584: result: yes
configure:13620: g++ -c -g -O2  conftest.cpp >&5
configure:13623: $? = 0
configure:14143: checking for g++ option to produce PIC
configure:14150: result: -fPIC -DPIC
configure:14158: checking if g++ PIC flag -fPIC -DPIC works
configure:14176: g++ -c -g -O2  -fPIC -DPIC -DPIC conftest.cpp >&5
configure:14180: $? = 0
configure:14193: result: yes
configure:14216: checking if g++ static flag -static works
configure:14244: result: yes
configure:14256: checking if g++ supports -c -o file.o
configure:14277: g++ -c -g -O2  -o out/conftest2.o conftest.cpp >&5
configure:14281: $? = 0
configure:14303: result: yes
configure:14308: checking if g++ supports -c -o file.o
configure:14355: result: yes
configure:14385: checking whether the g++ linker (/usr/local/x86_64-unknown-linux-gnu/bin/ld -m elf_x86_64) supports shared libraries
configure:14424: result: yes
configure:14565: checking dynamic linker characteristics
configure:15244: result: GNU/Linux ld.so
configure:15297: checking how to hardcode library paths into programs
configure:15322: result: immediate
configure:15385: checking for inline
configure:15401: gcc -c -ggdb3 -O0  conftest.c >&5
configure:15401: $? = 0
configure:15409: result: inline
configure:15427: checking for int8_t
configure:15427: gcc -c -ggdb3 -O0  conftest.c >&5
configure:15427: $? = 0
configure:15427: gcc -c -ggdb3 -O0  conftest.c >&5
conftest.c: In function 'main':
conftest.c:64:12: error: size of array 'test_array' is negative
 static int test_array [1 - 2 * !((int8_t) (((((int8_t) 1 << N) << N) - 1) * 2 + 1)
            ^
configure:15427: $? = 1
configure: failed program was:
| /* confdefs.h */
| #define PACKAGE_NAME "nutcracker"
| #define PACKAGE_TARNAME "nutcracker"
| #define PACKAGE_VERSION "0.2.4"
| #define PACKAGE_STRING "nutcracker 0.2.4"
| #define PACKAGE_BUGREPORT "manj@twitter.com"
| #define PACKAGE_URL ""
| #define PACKAGE "nutcracker"
| #define VERSION "0.2.4"
| #define NC_VERSION_MAJOR 0
| #define NC_VERSION_MINOR 2
| #define NC_VERSION_PATCH 4
| #define NC_VERSION_STRING "0.2.4"
| #define STDC_HEADERS 1
| #define HAVE_SYS_TYPES_H 1
| #define HAVE_SYS_STAT_H 1
| #define HAVE_STDLIB_H 1
| #define HAVE_STRING_H 1
| #define HAVE_MEMORY_H 1
| #define HAVE_STRINGS_H 1
| #define HAVE_INTTYPES_H 1
| #define HAVE_STDINT_H 1
| #define HAVE_UNISTD_H 1
| #define HAVE_DLFCN_H 1
| #define LT_OBJDIR ".libs/"
| /* end confdefs.h.  */
| #include <stdio.h>
| #ifdef HAVE_SYS_TYPES_H
| # include <sys/types.h>
| #endif
| #ifdef HAVE_SYS_STAT_H
| # include <sys/stat.h>
| #endif
| #ifdef STDC_HEADERS
| # include <stdlib.h>
| # include <stddef.h>
| #else
| # ifdef HAVE_STDLIB_H
| #  include <stdlib.h>
| # endif
| #endif
| #ifdef HAVE_STRING_H
| # if !defined STDC_HEADERS && defined HAVE_MEMORY_H
| #  include <memory.h>
| # endif
| # include <string.h>
| #endif
| #ifdef HAVE_STRINGS_H
| # include <strings.h>
| #endif
| #ifdef HAVE_INTTYPES_H
| # include <inttypes.h>
| #endif
| #ifdef HAVE_STDINT_H
| # include <stdint.h>
| #endif
| #ifdef HAVE_UNISTD_H
| # include <unistd.h>
| #endif
| 	        enum { N = 8 / 2 - 1 };
| int
| main ()
| {
| static int test_array [1 - 2 * !((int8_t) (((((int8_t) 1 << N) << N) - 1) * 2 + 1)
| 		 < (int8_t) (((((int8_t) 1 << N) << N) - 1) * 2 + 2))];
| test_array [0] = 0
| 
|   ;
|   return 0;
| }
configure:15427: result: yes
configure:15438: checking for int16_t
configure:15438: gcc -c -ggdb3 -O0  conftest.c >&5
configure:15438: $? = 0
configure:15438: gcc -c -ggdb3 -O0  conftest.c >&5
conftest.c: In function 'main':
conftest.c:64:12: error: size of array 'test_array' is negative
 static int test_array [1 - 2 * !((int16_t) (((((int16_t) 1 << N) << N) - 1) * 2 + 1)
            ^
configure:15438: $? = 1
configure: failed program was:
| /* confdefs.h */
| #define PACKAGE_NAME "nutcracker"
| #define PACKAGE_TARNAME "nutcracker"
| #define PACKAGE_VERSION "0.2.4"
| #define PACKAGE_STRING "nutcracker 0.2.4"
| #define PACKAGE_BUGREPORT "manj@twitter.com"
| #define PACKAGE_URL ""
| #define PACKAGE "nutcracker"
| #define VERSION "0.2.4"
| #define NC_VERSION_MAJOR 0
| #define NC_VERSION_MINOR 2
| #define NC_VERSION_PATCH 4
| #define NC_VERSION_STRING "0.2.4"
| #define STDC_HEADERS 1
| #define HAVE_SYS_TYPES_H 1
| #define HAVE_SYS_STAT_H 1
| #define HAVE_STDLIB_H 1
| #define HAVE_STRING_H 1
| #define HAVE_MEMORY_H 1
| #define HAVE_STRINGS_H 1
| #define HAVE_INTTYPES_H 1
| #define HAVE_STDINT_H 1
| #define HAVE_UNISTD_H 1
| #define HAVE_DLFCN_H 1
| #define LT_OBJDIR ".libs/"
| /* end confdefs.h.  */
| #include <stdio.h>
| #ifdef HAVE_SYS_TYPES_H
| # include <sys/types.h>
| #endif
| #ifdef HAVE_SYS_STAT_H
| # include <sys/stat.h>
| #endif
| #ifdef STDC_HEADERS
| # include <stdlib.h>
| # include <stddef.h>
| #else
| # ifdef HAVE_STDLIB_H
| #  include <stdlib.h>
| # endif
| #endif
| #ifdef HAVE_STRING_H
| # if !defined STDC_HEADERS && defined HAVE_MEMORY_H
| #  include <memory.h>
| # endif
| # include <string.h>
| #endif
| #ifdef HAVE_STRINGS_H
| # include <strings.h>
| #endif
| #ifdef HAVE_INTTYPES_H
| # include <inttypes.h>
| #endif
| #ifdef HAVE_STDINT_H
| # include <stdint.h>
| #endif
| #ifdef HAVE_UNISTD_H
| # include <unistd.h>
| #endif
| 	        enum { N = 16 / 2 - 1 };
| int
| main ()
| {
| static int test_array [1 - 2 * !((int16_t) (((((int16_t) 1 << N) << N) - 1) * 2 + 1)
| 		 < (int16_t) (((((int16_t) 1 << N) << N) - 1) * 2 + 2))];
| test_array [0] = 0
| 
|   ;
|   return 0;
| }
configure:15438: result: yes
configure:15449: checking for int32_t
configure:15449: gcc -c -ggdb3 -O0  conftest.c >&5
configure:15449: $? = 0
configure:15449: gcc -c -ggdb3 -O0  conftest.c >&5
conftest.c: In function 'main':
conftest.c:65:53: warning: integer overflow in expression [-Woverflow]
    < (int32_t) (((((int32_t) 1 << N) << N) - 1) * 2 + 2))];
                                                     ^
conftest.c:64:12: error: storage size of 'test_array' isn't constant
 static int test_array [1 - 2 * !((int32_t) (((((int32_t) 1 << N) << N) - 1) * 2 + 1)
            ^
configure:15449: $? = 1
configure: failed program was:
| /* confdefs.h */
| #define PACKAGE_NAME "nutcracker"
| #define PACKAGE_TARNAME "nutcracker"
| #define PACKAGE_VERSION "0.2.4"
| #define PACKAGE_STRING "nutcracker 0.2.4"
| #define PACKAGE_BUGREPORT "manj@twitter.com"
| #define PACKAGE_URL ""
| #define PACKAGE "nutcracker"
| #define VERSION "0.2.4"
| #define NC_VERSION_MAJOR 0
| #define NC_VERSION_MINOR 2
| #define NC_VERSION_PATCH 4
| #define NC_VERSION_STRING "0.2.4"
| #define STDC_HEADERS 1
| #define HAVE_SYS_TYPES_H 1
| #define HAVE_SYS_STAT_H 1
| #define HAVE_STDLIB_H 1
| #define HAVE_STRING_H 1
| #define HAVE_MEMORY_H 1
| #define HAVE_STRINGS_H 1
| #define HAVE_INTTYPES_H 1
| #define HAVE_STDINT_H 1
| #define HAVE_UNISTD_H 1
| #define HAVE_DLFCN_H 1
| #define LT_OBJDIR ".libs/"
| /* end confdefs.h.  */
| #include <stdio.h>
| #ifdef HAVE_SYS_TYPES_H
| # include <sys/types.h>
| #endif
| #ifdef HAVE_SYS_STAT_H
| # include <sys/stat.h>
| #endif
| #ifdef STDC_HEADERS
| # include <stdlib.h>
| # include <stddef.h>
| #else
| # ifdef HAVE_STDLIB_H
| #  include <stdlib.h>
| # endif
| #endif
| #ifdef HAVE_STRING_H
| # if !defined STDC_HEADERS && defined HAVE_MEMORY_H
| #  include <memory.h>
| # endif
| # include <string.h>
| #endif
| #ifdef HAVE_STRINGS_H
| # include <strings.h>
| #endif
| #ifdef HAVE_INTTYPES_H
| # include <inttypes.h>
| #endif
| #ifdef HAVE_STDINT_H
| # include <stdint.h>
| #endif
| #ifdef HAVE_UNISTD_H
| # include <unistd.h>
| #endif
| 	        enum { N = 32 / 2 - 1 };
| int
| main ()
| {
| static int test_array [1 - 2 * !((int32_t) (((((int32_t) 1 << N) << N) - 1) * 2 + 1)
| 		 < (int32_t) (((((int32_t) 1 << N) << N) - 1) * 2 + 2))];
| test_array [0] = 0
| 
|   ;
|   return 0;
| }
configure:15449: result: yes
configure:15460: checking for int64_t
configure:15460: gcc -c -ggdb3 -O0  conftest.c >&5
configure:15460: $? = 0
configure:15460: gcc -c -ggdb3 -O0  conftest.c >&5
conftest.c: In function 'main':
conftest.c:65:53: warning: integer overflow in expression [-Woverflow]
    < (int64_t) (((((int64_t) 1 << N) << N) - 1) * 2 + 2))];
                                                     ^
conftest.c:64:12: error: storage size of 'test_array' isn't constant
 static int test_array [1 - 2 * !((int64_t) (((((int64_t) 1 << N) << N) - 1) * 2 + 1)
            ^
configure:15460: $? = 1
configure: failed program was:
| /* confdefs.h */
| #define PACKAGE_NAME "nutcracker"
| #define PACKAGE_TARNAME "nutcracker"
| #define PACKAGE_VERSION "0.2.4"
| #define PACKAGE_STRING "nutcracker 0.2.4"
| #define PACKAGE_BUGREPORT "manj@twitter.com"
| #define PACKAGE_URL ""
| #define PACKAGE "nutcracker"
| #define VERSION "0.2.4"
| #define NC_VERSION_MAJOR 0
| #define NC_VERSION_MINOR 2
| #define NC_VERSION_PATCH 4
| #define NC_VERSION_STRING "0.2.4"
| #define STDC_HEADERS 1
| #define HAVE_SYS_TYPES_H 1
| #define HAVE_SYS_STAT_H 1
| #define HAVE_STDLIB_H 1
| #define HAVE_STRING_H 1
| #define HAVE_MEMORY_H 1
| #define HAVE_STRINGS_H 1
| #define HAVE_INTTYPES_H 1
| #define HAVE_STDINT_H 1
| #define HAVE_UNISTD_H 1
| #define HAVE_DLFCN_H 1
| #define LT_OBJDIR ".libs/"
| /* end confdefs.h.  */
| #include <stdio.h>
| #ifdef HAVE_SYS_TYPES_H
| # include <sys/types.h>
| #endif
| #ifdef HAVE_SYS_STAT_H
| # include <sys/stat.h>
| #endif
| #ifdef STDC_HEADERS
| # include <stdlib.h>
| # include <stddef.h>
| #else
| # ifdef HAVE_STDLIB_H
| #  include <stdlib.h>
| # endif
| #endif
| #ifdef HAVE_STRING_H
| # if !defined STDC_HEADERS && defined HAVE_MEMORY_H
| #  include <memory.h>
| # endif
| # include <string.h>
| #endif
| #ifdef HAVE_STRINGS_H
| # include <strings.h>
| #endif
| #ifdef HAVE_INTTYPES_H
| # include <inttypes.h>
| #endif
| #ifdef HAVE_STDINT_H
| # include <stdint.h>
| #endif
| #ifdef HAVE_UNISTD_H
| # include <unistd.h>
| #endif
| 	        enum { N = 64 / 2 - 1 };
| int
| main ()
| {
| static int test_array [1 - 2 * !((int64_t) (((((int64_t) 1 << N) << N) - 1) * 2 + 1)
| 		 < (int64_t) (((((int64_t) 1 << N) << N) - 1) * 2 + 2))];
| test_array [0] = 0
| 
|   ;
|   return 0;
| }
configure:15460: result: yes
configure:15472: checking for long long int
configure:15509: gcc -o conftest -ggdb3 -O0   conftest.c  >&5
configure:15509: $? = 0
configure:15539: gcc -o conftest -ggdb3 -O0   conftest.c  >&5
configure:15539: $? = 0
configure:15539: ./conftest
configure:15539: $? = 0
configure:15554: result: yes
configure:15564: checking for intmax_t
configure:15564: gcc -c -ggdb3 -O0  conftest.c >&5
configure:15564: $? = 0
configure:15564: gcc -c -ggdb3 -O0  conftest.c >&5
conftest.c: In function 'main':
conftest.c:64:23: error: expected expression before ')' token
 if (sizeof ((intmax_t)))
                       ^
configure:15564: $? = 1
configure: failed program was:
| /* confdefs.h */
| #define PACKAGE_NAME "nutcracker"
| #define PACKAGE_TARNAME "nutcracker"
| #define PACKAGE_VERSION "0.2.4"
| #define PACKAGE_STRING "nutcracker 0.2.4"
| #define PACKAGE_BUGREPORT "manj@twitter.com"
| #define PACKAGE_URL ""
| #define PACKAGE "nutcracker"
| #define VERSION "0.2.4"
| #define NC_VERSION_MAJOR 0
| #define NC_VERSION_MINOR 2
| #define NC_VERSION_PATCH 4
| #define NC_VERSION_STRING "0.2.4"
| #define STDC_HEADERS 1
| #define HAVE_SYS_TYPES_H 1
| #define HAVE_SYS_STAT_H 1
| #define HAVE_STDLIB_H 1
| #define HAVE_STRING_H 1
| #define HAVE_MEMORY_H 1
| #define HAVE_STRINGS_H 1
| #define HAVE_INTTYPES_H 1
| #define HAVE_STDINT_H 1
| #define HAVE_UNISTD_H 1
| #define HAVE_DLFCN_H 1
| #define LT_OBJDIR ".libs/"
| #define HAVE_LONG_LONG_INT 1
| /* end confdefs.h.  */
| #include <stdio.h>
| #ifdef HAVE_SYS_TYPES_H
| # include <sys/types.h>
| #endif
| #ifdef HAVE_SYS_STAT_H
| # include <sys/stat.h>
| #endif
| #ifdef STDC_HEADERS
| # include <stdlib.h>
| # include <stddef.h>
| #else
| # ifdef HAVE_STDLIB_H
| #  include <stdlib.h>
| # endif
| #endif
| #ifdef HAVE_STRING_H
| # if !defined STDC_HEADERS && defined HAVE_MEMORY_H
| #  include <memory.h>
| # endif
| # include <string.h>
| #endif
| #ifdef HAVE_STRINGS_H
| # include <strings.h>
| #endif
| #ifdef HAVE_INTTYPES_H
| # include <inttypes.h>
| #endif
| #ifdef HAVE_STDINT_H
| # include <stdint.h>
| #endif
| #ifdef HAVE_UNISTD_H
| # include <unistd.h>
| #endif
| int
| main ()
| {
| if (sizeof ((intmax_t)))
| 	    return 0;
|   ;
|   return 0;
| }
configure:15564: result: yes
configure:15582: checking for intptr_t
configure:15582: gcc -c -ggdb3 -O0  conftest.c >&5
configure:15582: $? = 0
configure:15582: gcc -c -ggdb3 -O0  conftest.c >&5
conftest.c: In function 'main':
conftest.c:65:23: error: expected expression before ')' token
 if (sizeof ((intptr_t)))
                       ^
configure:15582: $? = 1
configure: failed program was:
| /* confdefs.h */
| #define PACKAGE_NAME "nutcracker"
| #define PACKAGE_TARNAME "nutcracker"
| #define PACKAGE_VERSION "0.2.4"
| #define PACKAGE_STRING "nutcracker 0.2.4"
| #define PACKAGE_BUGREPORT "manj@twitter.com"
| #define PACKAGE_URL ""
| #define PACKAGE "nutcracker"
| #define VERSION "0.2.4"
| #define NC_VERSION_MAJOR 0
| #define NC_VERSION_MINOR 2
| #define NC_VERSION_PATCH 4
| #define NC_VERSION_STRING "0.2.4"
| #define STDC_HEADERS 1
| #define HAVE_SYS_TYPES_H 1
| #define HAVE_SYS_STAT_H 1
| #define HAVE_STDLIB_H 1
| #define HAVE_STRING_H 1
| #define HAVE_MEMORY_H 1
| #define HAVE_STRINGS_H 1
| #define HAVE_INTTYPES_H 1
| #define HAVE_STDINT_H 1
| #define HAVE_UNISTD_H 1
| #define HAVE_DLFCN_H 1
| #define LT_OBJDIR ".libs/"
| #define HAVE_LONG_LONG_INT 1
| #define HAVE_INTMAX_T 1
| /* end confdefs.h.  */
| #include <stdio.h>
| #ifdef HAVE_SYS_TYPES_H
| # include <sys/types.h>
| #endif
| #ifdef HAVE_SYS_STAT_H
| # include <sys/stat.h>
| #endif
| #ifdef STDC_HEADERS
| # include <stdlib.h>
| # include <stddef.h>
| #else
| # ifdef HAVE_STDLIB_H
| #  include <stdlib.h>
| # endif
| #endif
| #ifdef HAVE_STRING_H
| # if !defined STDC_HEADERS && defined HAVE_MEMORY_H
| #  include <memory.h>
| # endif
| # include <string.h>
| #endif
| #ifdef HAVE_STRINGS_H
| # include <strings.h>
| #endif
| #ifdef HAVE_INTTYPES_H
| # include <inttypes.h>
| #endif
| #ifdef HAVE_STDINT_H
| # include <stdint.h>
| #endif
| #ifdef HAVE_UNISTD_H
| # include <unistd.h>
| #endif
| int
| main ()
| {
| if (sizeof ((intptr_t)))
| 	    return 0;
|   ;
|   return 0;
| }
configure:15582: result: yes
configure:15616: checking for uint8_t
configure:15616: gcc -c -ggdb3 -O0  conftest.c >&5
configure:15616: $? = 0
configure:15616: result: yes
configure:15630: checking for uint16_t
configure:15630: gcc -c -ggdb3 -O0  conftest.c >&5
configure:15630: $? = 0
configure:15630: result: yes
configure:15642: checking for uint32_t
configure:15642: gcc -c -ggdb3 -O0  conftest.c >&5
configure:15642: $? = 0
configure:15642: result: yes
configure:15656: checking for uint64_t
configure:15656: gcc -c -ggdb3 -O0  conftest.c >&5
configure:15656: $? = 0
configure:15656: result: yes
configure:15671: checking for unsigned long long int
configure:15708: gcc -o conftest -ggdb3 -O0   conftest.c  >&5
configure:15708: $? = 0
configure:15716: result: yes
configure:15726: checking for uintmax_t
configure:15726: gcc -c -ggdb3 -O0  conftest.c >&5
configure:15726: $? = 0
configure:15726: gcc -c -ggdb3 -O0  conftest.c >&5
conftest.c: In function 'main':
conftest.c:67:24: error: expected expression before ')' token
 if (sizeof ((uintmax_t)))
                        ^
configure:15726: $? = 1
configure: failed program was:
| /* confdefs.h */
| #define PACKAGE_NAME "nutcracker"
| #define PACKAGE_TARNAME "nutcracker"
| #define PACKAGE_VERSION "0.2.4"
| #define PACKAGE_STRING "nutcracker 0.2.4"
| #define PACKAGE_BUGREPORT "manj@twitter.com"
| #define PACKAGE_URL ""
| #define PACKAGE "nutcracker"
| #define VERSION "0.2.4"
| #define NC_VERSION_MAJOR 0
| #define NC_VERSION_MINOR 2
| #define NC_VERSION_PATCH 4
| #define NC_VERSION_STRING "0.2.4"
| #define STDC_HEADERS 1
| #define HAVE_SYS_TYPES_H 1
| #define HAVE_SYS_STAT_H 1
| #define HAVE_STDLIB_H 1
| #define HAVE_STRING_H 1
| #define HAVE_MEMORY_H 1
| #define HAVE_STRINGS_H 1
| #define HAVE_INTTYPES_H 1
| #define HAVE_STDINT_H 1
| #define HAVE_UNISTD_H 1
| #define HAVE_DLFCN_H 1
| #define LT_OBJDIR ".libs/"
| #define HAVE_LONG_LONG_INT 1
| #define HAVE_INTMAX_T 1
| #define HAVE_INTPTR_T 1
| #define HAVE_UNSIGNED_LONG_LONG_INT 1
| /* end confdefs.h.  */
| #include <stdio.h>
| #ifdef HAVE_SYS_TYPES_H
| # include <sys/types.h>
| #endif
| #ifdef HAVE_SYS_STAT_H
| # include <sys/stat.h>
| #endif
| #ifdef STDC_HEADERS
| # include <stdlib.h>
| # include <stddef.h>
| #else
| # ifdef HAVE_STDLIB_H
| #  include <stdlib.h>
| # endif
| #endif
| #ifdef HAVE_STRING_H
| # if !defined STDC_HEADERS && defined HAVE_MEMORY_H
| #  include <memory.h>
| # endif
| # include <string.h>
| #endif
| #ifdef HAVE_STRINGS_H
| # include <strings.h>
| #endif
| #ifdef HAVE_INTTYPES_H
| # include <inttypes.h>
| #endif
| #ifdef HAVE_STDINT_H
| # include <stdint.h>
| #endif
| #ifdef HAVE_UNISTD_H
| # include <unistd.h>
| #endif
| int
| main ()
| {
| if (sizeof ((uintmax_t)))
| 	    return 0;
|   ;
|   return 0;
| }
configure:15726: result: yes
configure:15744: checking for uintptr_t
configure:15744: gcc -c -ggdb3 -O0  conftest.c >&5
configure:15744: $? = 0
configure:15744: gcc -c -ggdb3 -O0  conftest.c >&5
conftest.c: In function 'main':
conftest.c:68:24: error: expected expression before ')' token
 if (sizeof ((uintptr_t)))
                        ^
configure:15744: $? = 1
configure: failed program was:
| /* confdefs.h */
| #define PACKAGE_NAME "nutcracker"
| #define PACKAGE_TARNAME "nutcracker"
| #define PACKAGE_VERSION "0.2.4"
| #define PACKAGE_STRING "nutcracker 0.2.4"
| #define PACKAGE_BUGREPORT "manj@twitter.com"
| #define PACKAGE_URL ""
| #define PACKAGE "nutcracker"
| #define VERSION "0.2.4"
| #define NC_VERSION_MAJOR 0
| #define NC_VERSION_MINOR 2
| #define NC_VERSION_PATCH 4
| #define NC_VERSION_STRING "0.2.4"
| #define STDC_HEADERS 1
| #define HAVE_SYS_TYPES_H 1
| #define HAVE_SYS_STAT_H 1
| #define HAVE_STDLIB_H 1
| #define HAVE_STRING_H 1
| #define HAVE_MEMORY_H 1
| #define HAVE_STRINGS_H 1
| #define HAVE_INTTYPES_H 1
| #define HAVE_STDINT_H 1
| #define HAVE_UNISTD_H 1
| #define HAVE_DLFCN_H 1
| #define LT_OBJDIR ".libs/"
| #define HAVE_LONG_LONG_INT 1
| #define HAVE_INTMAX_T 1
| #define HAVE_INTPTR_T 1
| #define HAVE_UNSIGNED_LONG_LONG_INT 1
| #define HAVE_UINTMAX_T 1
| /* end confdefs.h.  */
| #include <stdio.h>
| #ifdef HAVE_SYS_TYPES_H
| # include <sys/types.h>
| #endif
| #ifdef HAVE_SYS_STAT_H
| # include <sys/stat.h>
| #endif
| #ifdef STDC_HEADERS
| # include <stdlib.h>
| # include <stddef.h>
| #else
| # ifdef HAVE_STDLIB_H
| #  include <stdlib.h>
| # endif
| #endif
| #ifdef HAVE_STRING_H
| # if !defined STDC_HEADERS && defined HAVE_MEMORY_H
| #  include <memory.h>
| # endif
| # include <string.h>
| #endif
| #ifdef HAVE_STRINGS_H
| # include <strings.h>
| #endif
| #ifdef HAVE_INTTYPES_H
| # include <inttypes.h>
| #endif
| #ifdef HAVE_STDINT_H
| # include <stdint.h>
| #endif
| #ifdef HAVE_UNISTD_H
| # include <unistd.h>
| #endif
| int
| main ()
| {
| if (sizeof ((uintptr_t)))
| 	    return 0;
|   ;
|   return 0;
| }
configure:15744: result: yes
configure:15779: checking for off_t
configure:15779: gcc -c -ggdb3 -O0  conftest.c >&5
configure:15779: $? = 0
configure:15779: gcc -c -ggdb3 -O0  conftest.c >&5
conftest.c: In function 'main':
conftest.c:69:20: error: expected expression before ')' token
 if (sizeof ((off_t)))
                    ^
configure:15779: $? = 1
configure: failed program was:
| /* confdefs.h */
| #define PACKAGE_NAME "nutcracker"
| #define PACKAGE_TARNAME "nutcracker"
| #define PACKAGE_VERSION "0.2.4"
| #define PACKAGE_STRING "nutcracker 0.2.4"
| #define PACKAGE_BUGREPORT "manj@twitter.com"
| #define PACKAGE_URL ""
| #define PACKAGE "nutcracker"
| #define VERSION "0.2.4"
| #define NC_VERSION_MAJOR 0
| #define NC_VERSION_MINOR 2
| #define NC_VERSION_PATCH 4
| #define NC_VERSION_STRING "0.2.4"
| #define STDC_HEADERS 1
| #define HAVE_SYS_TYPES_H 1
| #define HAVE_SYS_STAT_H 1
| #define HAVE_STDLIB_H 1
| #define HAVE_STRING_H 1
| #define HAVE_MEMORY_H 1
| #define HAVE_STRINGS_H 1
| #define HAVE_INTTYPES_H 1
| #define HAVE_STDINT_H 1
| #define HAVE_UNISTD_H 1
| #define HAVE_DLFCN_H 1
| #define LT_OBJDIR ".libs/"
| #define HAVE_LONG_LONG_INT 1
| #define HAVE_INTMAX_T 1
| #define HAVE_INTPTR_T 1
| #define HAVE_UNSIGNED_LONG_LONG_INT 1
| #define HAVE_UINTMAX_T 1
| #define HAVE_UINTPTR_T 1
| /* end confdefs.h.  */
| #include <stdio.h>
| #ifdef HAVE_SYS_TYPES_H
| # include <sys/types.h>
| #endif
| #ifdef HAVE_SYS_STAT_H
| # include <sys/stat.h>
| #endif
| #ifdef STDC_HEADERS
| # include <stdlib.h>
| # include <stddef.h>
| #else
| # ifdef HAVE_STDLIB_H
| #  include <stdlib.h>
| # endif
| #endif
| #ifdef HAVE_STRING_H
| # if !defined STDC_HEADERS && defined HAVE_MEMORY_H
| #  include <memory.h>
| # endif
| # include <string.h>
| #endif
| #ifdef HAVE_STRINGS_H
| # include <strings.h>
| #endif
| #ifdef HAVE_INTTYPES_H
| # include <inttypes.h>
| #endif
| #ifdef HAVE_STDINT_H
| # include <stdint.h>
| #endif
| #ifdef HAVE_UNISTD_H
| # include <unistd.h>
| #endif
| int
| main ()
| {
| if (sizeof ((off_t)))
| 	    return 0;
|   ;
|   return 0;
| }
configure:15779: result: yes
configure:15790: checking for pid_t
configure:15790: gcc -c -ggdb3 -O0  conftest.c >&5
configure:15790: $? = 0
configure:15790: gcc -c -ggdb3 -O0  conftest.c >&5
conftest.c: In function 'main':
conftest.c:69:20: error: expected expression before ')' token
 if (sizeof ((pid_t)))
                    ^
configure:15790: $? = 1
configure: failed program was:
| /* confdefs.h */
| #define PACKAGE_NAME "nutcracker"
| #define PACKAGE_TARNAME "nutcracker"
| #define PACKAGE_VERSION "0.2.4"
| #define PACKAGE_STRING "nutcracker 0.2.4"
| #define PACKAGE_BUGREPORT "manj@twitter.com"
| #define PACKAGE_URL ""
| #define PACKAGE "nutcracker"
| #define VERSION "0.2.4"
| #define NC_VERSION_MAJOR 0
| #define NC_VERSION_MINOR 2
| #define NC_VERSION_PATCH 4
| #define NC_VERSION_STRING "0.2.4"
| #define STDC_HEADERS 1
| #define HAVE_SYS_TYPES_H 1
| #define HAVE_SYS_STAT_H 1
| #define HAVE_STDLIB_H 1
| #define HAVE_STRING_H 1
| #define HAVE_MEMORY_H 1
| #define HAVE_STRINGS_H 1
| #define HAVE_INTTYPES_H 1
| #define HAVE_STDINT_H 1
| #define HAVE_UNISTD_H 1
| #define HAVE_DLFCN_H 1
| #define LT_OBJDIR ".libs/"
| #define HAVE_LONG_LONG_INT 1
| #define HAVE_INTMAX_T 1
| #define HAVE_INTPTR_T 1
| #define HAVE_UNSIGNED_LONG_LONG_INT 1
| #define HAVE_UINTMAX_T 1
| #define HAVE_UINTPTR_T 1
| /* end confdefs.h.  */
| #include <stdio.h>
| #ifdef HAVE_SYS_TYPES_H
| # include <sys/types.h>
| #endif
| #ifdef HAVE_SYS_STAT_H
| # include <sys/stat.h>
| #endif
| #ifdef STDC_HEADERS
| # include <stdlib.h>
| # include <stddef.h>
| #else
| # ifdef HAVE_STDLIB_H
| #  include <stdlib.h>
| # endif
| #endif
| #ifdef HAVE_STRING_H
| # if !defined STDC_HEADERS && defined HAVE_MEMORY_H
| #  include <memory.h>
| # endif
| # include <string.h>
| #endif
| #ifdef HAVE_STRINGS_H
| # include <strings.h>
| #endif
| #ifdef HAVE_INTTYPES_H
| # include <inttypes.h>
| #endif
| #ifdef HAVE_STDINT_H
| # include <stdint.h>
| #endif
| #ifdef HAVE_UNISTD_H
| # include <unistd.h>
| #endif
| int
| main ()
| {
| if (sizeof ((pid_t)))
| 	    return 0;
|   ;
|   return 0;
| }
configure:15790: result: yes
configure:15801: checking for size_t
configure:15801: gcc -c -ggdb3 -O0  conftest.c >&5
configure:15801: $? = 0
configure:15801: gcc -c -ggdb3 -O0  conftest.c >&5
conftest.c: In function 'main':
conftest.c:69:21: error: expected expression before ')' token
 if (sizeof ((size_t)))
                     ^
configure:15801: $? = 1
configure: failed program was:
| /* confdefs.h */
| #define PACKAGE_NAME "nutcracker"
| #define PACKAGE_TARNAME "nutcracker"
| #define PACKAGE_VERSION "0.2.4"
| #define PACKAGE_STRING "nutcracker 0.2.4"
| #define PACKAGE_BUGREPORT "manj@twitter.com"
| #define PACKAGE_URL ""
| #define PACKAGE "nutcracker"
| #define VERSION "0.2.4"
| #define NC_VERSION_MAJOR 0
| #define NC_VERSION_MINOR 2
| #define NC_VERSION_PATCH 4
| #define NC_VERSION_STRING "0.2.4"
| #define STDC_HEADERS 1
| #define HAVE_SYS_TYPES_H 1
| #define HAVE_SYS_STAT_H 1
| #define HAVE_STDLIB_H 1
| #define HAVE_STRING_H 1
| #define HAVE_MEMORY_H 1
| #define HAVE_STRINGS_H 1
| #define HAVE_INTTYPES_H 1
| #define HAVE_STDINT_H 1
| #define HAVE_UNISTD_H 1
| #define HAVE_DLFCN_H 1
| #define LT_OBJDIR ".libs/"
| #define HAVE_LONG_LONG_INT 1
| #define HAVE_INTMAX_T 1
| #define HAVE_INTPTR_T 1
| #define HAVE_UNSIGNED_LONG_LONG_INT 1
| #define HAVE_UINTMAX_T 1
| #define HAVE_UINTPTR_T 1
| /* end confdefs.h.  */
| #include <stdio.h>
| #ifdef HAVE_SYS_TYPES_H
| # include <sys/types.h>
| #endif
| #ifdef HAVE_SYS_STAT_H
| # include <sys/stat.h>
| #endif
| #ifdef STDC_HEADERS
| # include <stdlib.h>
| # include <stddef.h>
| #else
| # ifdef HAVE_STDLIB_H
| #  include <stdlib.h>
| # endif
| #endif
| #ifdef HAVE_STRING_H
| # if !defined STDC_HEADERS && defined HAVE_MEMORY_H
| #  include <memory.h>
| # endif
| # include <string.h>
| #endif
| #ifdef HAVE_STRINGS_H
| # include <strings.h>
| #endif
| #ifdef HAVE_INTTYPES_H
| # include <inttypes.h>
| #endif
| #ifdef HAVE_STDINT_H
| # include <stdint.h>
| #endif
| #ifdef HAVE_UNISTD_H
| # include <unistd.h>
| #endif
| int
| main ()
| {
| if (sizeof ((size_t)))
| 	    return 0;
|   ;
|   return 0;
| }
configure:15801: result: yes
configure:15812: checking for ssize_t
configure:15812: gcc -c -ggdb3 -O0  conftest.c >&5
configure:15812: $? = 0
configure:15812: gcc -c -ggdb3 -O0  conftest.c >&5
conftest.c: In function 'main':
conftest.c:69:22: error: expected expression before ')' token
 if (sizeof ((ssize_t)))
                      ^
configure:15812: $? = 1
configure: failed program was:
| /* confdefs.h */
| #define PACKAGE_NAME "nutcracker"
| #define PACKAGE_TARNAME "nutcracker"
| #define PACKAGE_VERSION "0.2.4"
| #define PACKAGE_STRING "nutcracker 0.2.4"
| #define PACKAGE_BUGREPORT "manj@twitter.com"
| #define PACKAGE_URL ""
| #define PACKAGE "nutcracker"
| #define VERSION "0.2.4"
| #define NC_VERSION_MAJOR 0
| #define NC_VERSION_MINOR 2
| #define NC_VERSION_PATCH 4
| #define NC_VERSION_STRING "0.2.4"
| #define STDC_HEADERS 1
| #define HAVE_SYS_TYPES_H 1
| #define HAVE_SYS_STAT_H 1
| #define HAVE_STDLIB_H 1
| #define HAVE_STRING_H 1
| #define HAVE_MEMORY_H 1
| #define HAVE_STRINGS_H 1
| #define HAVE_INTTYPES_H 1
| #define HAVE_STDINT_H 1
| #define HAVE_UNISTD_H 1
| #define HAVE_DLFCN_H 1
| #define LT_OBJDIR ".libs/"
| #define HAVE_LONG_LONG_INT 1
| #define HAVE_INTMAX_T 1
| #define HAVE_INTPTR_T 1
| #define HAVE_UNSIGNED_LONG_LONG_INT 1
| #define HAVE_UINTMAX_T 1
| #define HAVE_UINTPTR_T 1
| /* end confdefs.h.  */
| #include <stdio.h>
| #ifdef HAVE_SYS_TYPES_H
| # include <sys/types.h>
| #endif
| #ifdef HAVE_SYS_STAT_H
| # include <sys/stat.h>
| #endif
| #ifdef STDC_HEADERS
| # include <stdlib.h>
| # include <stddef.h>
| #else
| # ifdef HAVE_STDLIB_H
| #  include <stdlib.h>
| # endif
| #endif
| #ifdef HAVE_STRING_H
| # if !defined STDC_HEADERS && defined HAVE_MEMORY_H
| #  include <memory.h>
| # endif
| # include <string.h>
| #endif
| #ifdef HAVE_STRINGS_H
| # include <strings.h>
| #endif
| #ifdef HAVE_INTTYPES_H
| # include <inttypes.h>
| #endif
| #ifdef HAVE_STDINT_H
| # include <stdint.h>
| #endif
| #ifdef HAVE_UNISTD_H
| # include <unistd.h>
| #endif
| int
| main ()
| {
| if (sizeof ((ssize_t)))
| 	    return 0;
|   ;
|   return 0;
| }
configure:15812: result: yes
configure:15824: checking whether byte ordering is bigendian
configure:15839: gcc -c -ggdb3 -O0  conftest.c >&5
conftest.c:34:9: error: unknown type name 'not'
         not a universal capable compiler
         ^
conftest.c:34:15: error: expected '=', ',', ';', 'asm' or '__attribute__' before 'universal'
         not a universal capable compiler
               ^
conftest.c:34:15: error: unknown type name 'universal'
configure:15839: $? = 1
configure: failed program was:
| /* confdefs.h */
| #define PACKAGE_NAME "nutcracker"
| #define PACKAGE_TARNAME "nutcracker"
| #define PACKAGE_VERSION "0.2.4"
| #define PACKAGE_STRING "nutcracker 0.2.4"
| #define PACKAGE_BUGREPORT "manj@twitter.com"
| #define PACKAGE_URL ""
| #define PACKAGE "nutcracker"
| #define VERSION "0.2.4"
| #define NC_VERSION_MAJOR 0
| #define NC_VERSION_MINOR 2
| #define NC_VERSION_PATCH 4
| #define NC_VERSION_STRING "0.2.4"
| #define STDC_HEADERS 1
| #define HAVE_SYS_TYPES_H 1
| #define HAVE_SYS_STAT_H 1
| #define HAVE_STDLIB_H 1
| #define HAVE_STRING_H 1
| #define HAVE_MEMORY_H 1
| #define HAVE_STRINGS_H 1
| #define HAVE_INTTYPES_H 1
| #define HAVE_STDINT_H 1
| #define HAVE_UNISTD_H 1
| #define HAVE_DLFCN_H 1
| #define LT_OBJDIR ".libs/"
| #define HAVE_LONG_LONG_INT 1
| #define HAVE_INTMAX_T 1
| #define HAVE_INTPTR_T 1
| #define HAVE_UNSIGNED_LONG_LONG_INT 1
| #define HAVE_UINTMAX_T 1
| #define HAVE_UINTPTR_T 1
| /* end confdefs.h.  */
| #ifndef __APPLE_CC__
| 	       not a universal capable compiler
| 	     #endif
| 	     typedef int dummy;
| 
configure:15884: gcc -c -ggdb3 -O0  conftest.c >&5
configure:15884: $? = 0
configure:15902: gcc -c -ggdb3 -O0  conftest.c >&5
conftest.c: In function 'main':
conftest.c:40:4: error: unknown type name 'not'
    not big endian
    ^
conftest.c:40:12: error: expected '=', ',', ';', 'asm' or '__attribute__' before 'endian'
    not big endian
            ^
configure:15902: $? = 1
configure: failed program was:
| /* confdefs.h */
| #define PACKAGE_NAME "nutcracker"
| #define PACKAGE_TARNAME "nutcracker"
| #define PACKAGE_VERSION "0.2.4"
| #define PACKAGE_STRING "nutcracker 0.2.4"
| #define PACKAGE_BUGREPORT "manj@twitter.com"
| #define PACKAGE_URL ""
| #define PACKAGE "nutcracker"
| #define VERSION "0.2.4"
| #define NC_VERSION_MAJOR 0
| #define NC_VERSION_MINOR 2
| #define NC_VERSION_PATCH 4
| #define NC_VERSION_STRING "0.2.4"
| #define STDC_HEADERS 1
| #define HAVE_SYS_TYPES_H 1
| #define HAVE_SYS_STAT_H 1
| #define HAVE_STDLIB_H 1
| #define HAVE_STRING_H 1
| #define HAVE_MEMORY_H 1
| #define HAVE_STRINGS_H 1
| #define HAVE_INTTYPES_H 1
| #define HAVE_STDINT_H 1
| #define HAVE_UNISTD_H 1
| #define HAVE_DLFCN_H 1
| #define LT_OBJDIR ".libs/"
| #define HAVE_LONG_LONG_INT 1
| #define HAVE_INTMAX_T 1
| #define HAVE_INTPTR_T 1
| #define HAVE_UNSIGNED_LONG_LONG_INT 1
| #define HAVE_UINTMAX_T 1
| #define HAVE_UINTPTR_T 1
| /* end confdefs.h.  */
| #include <sys/types.h>
| 		#include <sys/param.h>
| 
| int
| main ()
| {
| #if BYTE_ORDER != BIG_ENDIAN
| 		 not big endian
| 		#endif
| 
|   ;
|   return 0;
| }
configure:16030: result: no
configure:16050: checking for stdbool.h that conforms to C99
configure:16117: gcc -c -ggdb3 -O0  conftest.c >&5
configure:16117: $? = 0
configure:16124: result: yes
configure:16126: checking for _Bool
configure:16126: gcc -c -ggdb3 -O0  conftest.c >&5
configure:16126: $? = 0
configure:16126: gcc -c -ggdb3 -O0  conftest.c >&5
conftest.c: In function 'main':
conftest.c:70:20: error: expected expression before ')' token
 if (sizeof ((_Bool)))
                    ^
configure:16126: $? = 1
configure: failed program was:
| /* confdefs.h */
| #define PACKAGE_NAME "nutcracker"
| #define PACKAGE_TARNAME "nutcracker"
| #define PACKAGE_VERSION "0.2.4"
| #define PACKAGE_STRING "nutcracker 0.2.4"
| #define PACKAGE_BUGREPORT "manj@twitter.com"
| #define PACKAGE_URL ""
| #define PACKAGE "nutcracker"
| #define VERSION "0.2.4"
| #define NC_VERSION_MAJOR 0
| #define NC_VERSION_MINOR 2
| #define NC_VERSION_PATCH 4
| #define NC_VERSION_STRING "0.2.4"
| #define STDC_HEADERS 1
| #define HAVE_SYS_TYPES_H 1
| #define HAVE_SYS_STAT_H 1
| #define HAVE_STDLIB_H 1
| #define HAVE_STRING_H 1
| #define HAVE_MEMORY_H 1
| #define HAVE_STRINGS_H 1
| #define HAVE_INTTYPES_H 1
| #define HAVE_STDINT_H 1
| #define HAVE_UNISTD_H 1
| #define HAVE_DLFCN_H 1
| #define LT_OBJDIR ".libs/"
| #define HAVE_LONG_LONG_INT 1
| #define HAVE_INTMAX_T 1
| #define HAVE_INTPTR_T 1
| #define HAVE_UNSIGNED_LONG_LONG_INT 1
| #define HAVE_UINTMAX_T 1
| #define HAVE_UINTPTR_T 1
| #define HAVE_LITTLE_ENDIAN 1
| /* end confdefs.h.  */
| #include <stdio.h>
| #ifdef HAVE_SYS_TYPES_H
| # include <sys/types.h>
| #endif
| #ifdef HAVE_SYS_STAT_H
| # include <sys/stat.h>
| #endif
| #ifdef STDC_HEADERS
| # include <stdlib.h>
| # include <stddef.h>
| #else
| # ifdef HAVE_STDLIB_H
| #  include <stdlib.h>
| # endif
| #endif
| #ifdef HAVE_STRING_H
| # if !defined STDC_HEADERS && defined HAVE_MEMORY_H
| #  include <memory.h>
| # endif
| # include <string.h>
| #endif
| #ifdef HAVE_STRINGS_H
| # include <strings.h>
| #endif
| #ifdef HAVE_INTTYPES_H
| # include <inttypes.h>
| #endif
| #ifdef HAVE_STDINT_H
| # include <stdint.h>
| #endif
| #ifdef HAVE_UNISTD_H
| # include <unistd.h>
| #endif
| int
| main ()
| {
| if (sizeof ((_Bool)))
| 	    return 0;
|   ;
|   return 0;
| }
configure:16126: result: yes
configure:16145: checking fcntl.h usability
configure:16145: gcc -c -ggdb3 -O0  conftest.c >&5
configure:16145: $? = 0
configure:16145: result: yes
configure:16145: checking fcntl.h presence
configure:16145: gcc -E  conftest.c
configure:16145: $? = 0
configure:16145: result: yes
configure:16145: checking for fcntl.h
configure:16145: result: yes
configure:16145: checking float.h usability
configure:16145: gcc -c -ggdb3 -O0  conftest.c >&5
configure:16145: $? = 0
configure:16145: result: yes
configure:16145: checking float.h presence
configure:16145: gcc -E  conftest.c
configure:16145: $? = 0
configure:16145: result: yes
configure:16145: checking for float.h
configure:16145: result: yes
configure:16145: checking limits.h usability
configure:16145: gcc -c -ggdb3 -O0  conftest.c >&5
configure:16145: $? = 0
configure:16145: result: yes
configure:16145: checking limits.h presence
configure:16145: gcc -E  conftest.c
configure:16145: $? = 0
configure:16145: result: yes
configure:16145: checking for limits.h
configure:16145: result: yes
configure:16145: checking stddef.h usability
configure:16145: gcc -c -ggdb3 -O0  conftest.c >&5
configure:16145: $? = 0
configure:16145: result: yes
configure:16145: checking stddef.h presence
configure:16145: gcc -E  conftest.c
configure:16145: $? = 0
configure:16145: result: yes
configure:16145: checking for stddef.h
configure:16145: result: yes
configure:16145: checking for stdlib.h
configure:16145: result: yes
configure:16145: checking for string.h
configure:16145: result: yes
configure:16145: checking for unistd.h
configure:16145: result: yes
configure:16158: checking for inttypes.h
configure:16158: result: yes
configure:16158: checking for stdint.h
configure:16158: result: yes
configure:16171: checking sys/ioctl.h usability
configure:16171: gcc -c -ggdb3 -O0  conftest.c >&5
configure:16171: $? = 0
configure:16171: result: yes
configure:16171: checking sys/ioctl.h presence
configure:16171: gcc -E  conftest.c
configure:16171: $? = 0
configure:16171: result: yes
configure:16171: checking for sys/ioctl.h
configure:16171: result: yes
configure:16171: checking sys/time.h usability
configure:16171: gcc -c -ggdb3 -O0  conftest.c >&5
configure:16171: $? = 0
configure:16171: result: yes
configure:16171: checking sys/time.h presence
configure:16171: gcc -E  conftest.c
configure:16171: $? = 0
configure:16171: result: yes
configure:16171: checking for sys/time.h
configure:16171: result: yes
configure:16171: checking sys/uio.h usability
configure:16171: gcc -c -ggdb3 -O0  conftest.c >&5
configure:16171: $? = 0
configure:16171: result: yes
configure:16171: checking sys/uio.h presence
configure:16171: gcc -E  conftest.c
configure:16171: $? = 0
configure:16171: result: yes
configure:16171: checking for sys/uio.h
configure:16171: result: yes
configure:16184: checking sys/socket.h usability
configure:16184: gcc -c -ggdb3 -O0  conftest.c >&5
configure:16184: $? = 0
configure:16184: result: yes
configure:16184: checking sys/socket.h presence
configure:16184: gcc -E  conftest.c
configure:16184: $? = 0
configure:16184: result: yes
configure:16184: checking for sys/socket.h
configure:16184: result: yes
configure:16184: checking sys/un.h usability
configure:16184: gcc -c -ggdb3 -O0  conftest.c >&5
configure:16184: $? = 0
configure:16184: result: yes
configure:16184: checking sys/un.h presence
configure:16184: gcc -E  conftest.c
configure:16184: $? = 0
configure:16184: result: yes
configure:16184: checking for sys/un.h
configure:16184: result: yes
configure:16184: checking netinet/in.h usability
configure:16184: gcc -c -ggdb3 -O0  conftest.c >&5
configure:16184: $? = 0
configure:16184: result: yes
configure:16184: checking netinet/in.h presence
configure:16184: gcc -E  conftest.c
configure:16184: $? = 0
configure:16184: result: yes
configure:16184: checking for netinet/in.h
configure:16184: result: yes
configure:16184: checking arpa/inet.h usability
configure:16184: gcc -c -ggdb3 -O0  conftest.c >&5
configure:16184: $? = 0
configure:16184: result: yes
configure:16184: checking arpa/inet.h presence
configure:16184: gcc -E  conftest.c
configure:16184: $? = 0
configure:16184: result: yes
configure:16184: checking for arpa/inet.h
configure:16184: result: yes
configure:16184: checking netdb.h usability
configure:16184: gcc -c -ggdb3 -O0  conftest.c >&5
configure:16184: $? = 0
configure:16184: result: yes
configure:16184: checking netdb.h presence
configure:16184: gcc -E  conftest.c
configure:16184: $? = 0
configure:16184: result: yes
configure:16184: checking for netdb.h
configure:16184: result: yes
configure:16196: checking sys/epoll.h usability
configure:16196: gcc -c -ggdb3 -O0  conftest.c >&5
configure:16196: $? = 0
configure:16196: result: yes
configure:16196: checking sys/epoll.h presence
configure:16196: gcc -E  conftest.c
configure:16196: $? = 0
configure:16196: result: yes
configure:16196: checking for sys/epoll.h
configure:16196: result: yes
configure:16210: checking for pow in -lm
configure:16235: gcc -o conftest -ggdb3 -O0   conftest.c -lm   >&5
conftest.c:61:6: warning: conflicting types for built-in function 'pow' [enabled by default]
 char pow ();
      ^
configure:16235: $? = 0
configure:16244: result: yes
configure:16255: checking for pthread_create in -lpthread
configure:16280: gcc -o conftest -ggdb3 -O0   conftest.c -lpthread  -lm  >&5
configure:16280: $? = 0
configure:16289: result: yes
configure:16304: checking vfork.h usability
configure:16304: gcc -c -ggdb3 -O0  conftest.c >&5
conftest.c:89:19: fatal error: vfork.h: No such file or directory
 #include <vfork.h>
                   ^
compilation terminated.
configure:16304: $? = 1
configure: failed program was:
| /* confdefs.h */
| #define PACKAGE_NAME "nutcracker"
| #define PACKAGE_TARNAME "nutcracker"
| #define PACKAGE_VERSION "0.2.4"
| #define PACKAGE_STRING "nutcracker 0.2.4"
| #define PACKAGE_BUGREPORT "manj@twitter.com"
| #define PACKAGE_URL ""
| #define PACKAGE "nutcracker"
| #define VERSION "0.2.4"
| #define NC_VERSION_MAJOR 0
| #define NC_VERSION_MINOR 2
| #define NC_VERSION_PATCH 4
| #define NC_VERSION_STRING "0.2.4"
| #define STDC_HEADERS 1
| #define HAVE_SYS_TYPES_H 1
| #define HAVE_SYS_STAT_H 1
| #define HAVE_STDLIB_H 1
| #define HAVE_STRING_H 1
| #define HAVE_MEMORY_H 1
| #define HAVE_STRINGS_H 1
| #define HAVE_INTTYPES_H 1
| #define HAVE_STDINT_H 1
| #define HAVE_UNISTD_H 1
| #define HAVE_DLFCN_H 1
| #define LT_OBJDIR ".libs/"
| #define HAVE_LONG_LONG_INT 1
| #define HAVE_INTMAX_T 1
| #define HAVE_INTPTR_T 1
| #define HAVE_UNSIGNED_LONG_LONG_INT 1
| #define HAVE_UINTMAX_T 1
| #define HAVE_UINTPTR_T 1
| #define HAVE_LITTLE_ENDIAN 1
| #define HAVE__BOOL 1
| #define HAVE_STDBOOL_H 1
| #define HAVE_FCNTL_H 1
| #define HAVE_FLOAT_H 1
| #define HAVE_LIMITS_H 1
| #define HAVE_STDDEF_H 1
| #define HAVE_STDLIB_H 1
| #define HAVE_STRING_H 1
| #define HAVE_UNISTD_H 1
| #define HAVE_INTTYPES_H 1
| #define HAVE_STDINT_H 1
| #define HAVE_SYS_IOCTL_H 1
| #define HAVE_SYS_TIME_H 1
| #define HAVE_SYS_UIO_H 1
| #define HAVE_SYS_SOCKET_H 1
| #define HAVE_SYS_UN_H 1
| #define HAVE_NETINET_IN_H 1
| #define HAVE_ARPA_INET_H 1
| #define HAVE_NETDB_H 1
| #define HAVE_SYS_EPOLL_H 1
| #define HAVE_LIBM 1
| #define HAVE_LIBPTHREAD 1
| /* end confdefs.h.  */
| #include <stdio.h>
| #ifdef HAVE_SYS_TYPES_H
| # include <sys/types.h>
| #endif
| #ifdef HAVE_SYS_STAT_H
| # include <sys/stat.h>
| #endif
| #ifdef STDC_HEADERS
| # include <stdlib.h>
| # include <stddef.h>
| #else
| # ifdef HAVE_STDLIB_H
| #  include <stdlib.h>
| # endif
| #endif
| #ifdef HAVE_STRING_H
| # if !defined STDC_HEADERS && defined HAVE_MEMORY_H
| #  include <memory.h>
| # endif
| # include <string.h>
| #endif
| #ifdef HAVE_STRINGS_H
| # include <strings.h>
| #endif
| #ifdef HAVE_INTTYPES_H
| # include <inttypes.h>
| #endif
| #ifdef HAVE_STDINT_H
| # include <stdint.h>
| #endif
| #ifdef HAVE_UNISTD_H
| # include <unistd.h>
| #endif
| #include <vfork.h>
configure:16304: result: no
configure:16304: checking vfork.h presence
configure:16304: gcc -E  conftest.c
conftest.c:56:19: fatal error: vfork.h: No such file or directory
 #include <vfork.h>
                   ^
compilation terminated.
configure:16304: $? = 1
configure: failed program was:
| /* confdefs.h */
| #define PACKAGE_NAME "nutcracker"
| #define PACKAGE_TARNAME "nutcracker"
| #define PACKAGE_VERSION "0.2.4"
| #define PACKAGE_STRING "nutcracker 0.2.4"
| #define PACKAGE_BUGREPORT "manj@twitter.com"
| #define PACKAGE_URL ""
| #define PACKAGE "nutcracker"
| #define VERSION "0.2.4"
| #define NC_VERSION_MAJOR 0
| #define NC_VERSION_MINOR 2
| #define NC_VERSION_PATCH 4
| #define NC_VERSION_STRING "0.2.4"
| #define STDC_HEADERS 1
| #define HAVE_SYS_TYPES_H 1
| #define HAVE_SYS_STAT_H 1
| #define HAVE_STDLIB_H 1
| #define HAVE_STRING_H 1
| #define HAVE_MEMORY_H 1
| #define HAVE_STRINGS_H 1
| #define HAVE_INTTYPES_H 1
| #define HAVE_STDINT_H 1
| #define HAVE_UNISTD_H 1
| #define HAVE_DLFCN_H 1
| #define LT_OBJDIR ".libs/"
| #define HAVE_LONG_LONG_INT 1
| #define HAVE_INTMAX_T 1
| #define HAVE_INTPTR_T 1
| #define HAVE_UNSIGNED_LONG_LONG_INT 1
| #define HAVE_UINTMAX_T 1
| #define HAVE_UINTPTR_T 1
| #define HAVE_LITTLE_ENDIAN 1
| #define HAVE__BOOL 1
| #define HAVE_STDBOOL_H 1
| #define HAVE_FCNTL_H 1
| #define HAVE_FLOAT_H 1
| #define HAVE_LIMITS_H 1
| #define HAVE_STDDEF_H 1
| #define HAVE_STDLIB_H 1
| #define HAVE_STRING_H 1
| #define HAVE_UNISTD_H 1
| #define HAVE_INTTYPES_H 1
| #define HAVE_STDINT_H 1
| #define HAVE_SYS_IOCTL_H 1
| #define HAVE_SYS_TIME_H 1
| #define HAVE_SYS_UIO_H 1
| #define HAVE_SYS_SOCKET_H 1
| #define HAVE_SYS_UN_H 1
| #define HAVE_NETINET_IN_H 1
| #define HAVE_ARPA_INET_H 1
| #define HAVE_NETDB_H 1
| #define HAVE_SYS_EPOLL_H 1
| #define HAVE_LIBM 1
| #define HAVE_LIBPTHREAD 1
| /* end confdefs.h.  */
| #include <vfork.h>
configure:16304: result: no
configure:16304: checking for vfork.h
configure:16304: result: no
configure:16317: checking for fork
configure:16317: gcc -o conftest -ggdb3 -O0   conftest.c -lpthread -lm  >&5
conftest.c:79:6: warning: conflicting types for built-in function 'fork' [enabled by default]
 char fork ();
      ^
configure:16317: $? = 0
configure:16317: result: yes
configure:16317: checking for vfork
configure:16317: gcc -o conftest -ggdb3 -O0   conftest.c -lpthread -lm  >&5
configure:16317: $? = 0
configure:16317: result: yes
configure:16327: checking for working fork
configure:16349: gcc -o conftest -ggdb3 -O0   conftest.c -lpthread -lm  >&5
configure:16349: $? = 0
configure:16349: ./conftest
configure:16349: $? = 0
configure:16359: result: yes
configure:16380: checking for working vfork
configure:16490: result: yes
configure:16517: checking for stdlib.h
configure:16517: result: yes
configure:16527: checking for GNU libc compatible malloc
configure:16551: gcc -o conftest -ggdb3 -O0   conftest.c -lpthread -lm  >&5
configure:16551: $? = 0
configure:16551: ./conftest
configure:16551: $? = 0
configure:16561: result: yes
configure:16584: checking for stdlib.h
configure:16584: result: yes
configure:16594: checking for GNU libc compatible realloc
configure:16618: gcc -o conftest -ggdb3 -O0   conftest.c -lpthread -lm  >&5
configure:16618: $? = 0
configure:16618: ./conftest
configure:16618: $? = 0
configure:16628: result: yes
configure:16652: checking for dup2
configure:16652: gcc -o conftest -ggdb3 -O0   conftest.c -lpthread -lm  >&5
configure:16652: $? = 0
configure:16652: result: yes
configure:16652: checking for gethostname
configure:16652: gcc -o conftest -ggdb3 -O0   conftest.c -lpthread -lm  >&5
configure:16652: $? = 0
configure:16652: result: yes
configure:16652: checking for gettimeofday
configure:16652: gcc -o conftest -ggdb3 -O0   conftest.c -lpthread -lm  >&5
configure:16652: $? = 0
configure:16652: result: yes
configure:16652: checking for strerror
configure:16652: gcc -o conftest -ggdb3 -O0   conftest.c -lpthread -lm  >&5
configure:16652: $? = 0
configure:16652: result: yes
configure:16663: checking for socket
configure:16663: gcc -o conftest -ggdb3 -O0   conftest.c -lpthread -lm  >&5
configure:16663: $? = 0
configure:16663: result: yes
configure:16675: checking for memchr
configure:16675: gcc -o conftest -ggdb3 -O0   conftest.c -lpthread -lm  >&5
conftest.c:92:6: warning: conflicting types for built-in function 'memchr' [enabled by default]
 char memchr ();
      ^
configure:16675: $? = 0
configure:16675: result: yes
configure:16675: checking for memmove
configure:16675: gcc -o conftest -ggdb3 -O0   conftest.c -lpthread -lm  >&5
conftest.c:93:6: warning: conflicting types for built-in function 'memmove' [enabled by default]
 char memmove ();
      ^
configure:16675: $? = 0
configure:16675: result: yes
configure:16675: checking for memset
configure:16675: gcc -o conftest -ggdb3 -O0   conftest.c -lpthread -lm  >&5
conftest.c:94:6: warning: conflicting types for built-in function 'memset' [enabled by default]
 char memset ();
      ^
configure:16675: $? = 0
configure:16675: result: yes
configure:16687: checking for strchr
configure:16687: gcc -o conftest -ggdb3 -O0   conftest.c -lpthread -lm  >&5
conftest.c:95:6: warning: conflicting types for built-in function 'strchr' [enabled by default]
 char strchr ();
      ^
configure:16687: $? = 0
configure:16687: result: yes
configure:16687: checking for strndup
configure:16687: gcc -o conftest -ggdb3 -O0   conftest.c -lpthread -lm  >&5
conftest.c:96:6: warning: conflicting types for built-in function 'strndup' [enabled by default]
 char strndup ();
      ^
configure:16687: $? = 0
configure:16687: result: yes
configure:16687: checking for strtoul
configure:16687: gcc -o conftest -ggdb3 -O0   conftest.c -lpthread -lm  >&5
configure:16687: $? = 0
configure:16687: result: yes
configure:16697: checking if epoll works
configure:16728: gcc -o conftest -ggdb3 -O0   conftest.c -lpthread -lm  >&5
configure:16728: $? = 0
configure:16728: ./conftest
configure:16728: $? = 0
configure:16738: result: yes
configure:16750: checking whether to enable debug logs and asserts
configure:16788: result: full
configure:16791: checking whether to disable stats
configure:16807: result: no
configure:16959: creating ./config.status

## ---------------------- ##
## Running config.status. ##
## ---------------------- ##

This file was extended by nutcracker config.status 0.2.4, which was
generated by GNU Autoconf 2.68.  Invocation command line was

  CONFIG_FILES    = 
  CONFIG_HEADERS  = 
  CONFIG_LINKS    = 
  CONFIG_COMMANDS = 
  $ ./config.status 

on mob

config.status:1211: creating Makefile
config.status:1211: creating contrib/Makefile
config.status:1211: creating src/Makefile
config.status:1211: creating src/hashkit/Makefile
config.status:1211: creating src/proto/Makefile
config.status:1211: creating config.h
config.status:1392: config.h is unchanged
config.status:1440: executing depfiles commands
config.status:1440: executing libtool commands
configure:19532: === configuring in contrib/yaml-0.1.4 (/home/zengchaoyu/package/nutcracker-0.2.4/contrib/yaml-0.1.4)
configure:19595: running /bin/sh ./configure --disable-option-checking '--prefix=/usr/local'  '--enable-debug=full' 'CFLAGS=-ggdb3 -O0' --cache-file=/dev/null --srcdir=.

## ---------------- ##
## Cache variables. ##
## ---------------- ##

ac_cv_build=x86_64-unknown-linux-gnu
ac_cv_c_bigendian=no
ac_cv_c_compiler_gnu=yes
ac_cv_c_inline=inline
ac_cv_c_int16_t=yes
ac_cv_c_int32_t=yes
ac_cv_c_int64_t=yes
ac_cv_c_int8_t=yes
ac_cv_c_uint16_t=yes
ac_cv_c_uint32_t=yes
ac_cv_c_uint64_t=yes
ac_cv_c_uint8_t=yes
ac_cv_cxx_compiler_gnu=yes
ac_cv_env_CCC_set=
ac_cv_env_CCC_value=
ac_cv_env_CC_set=
ac_cv_env_CC_value=
ac_cv_env_CFLAGS_set=set
ac_cv_env_CFLAGS_value='-ggdb3 -O0'
ac_cv_env_CPPFLAGS_set=
ac_cv_env_CPPFLAGS_value=
ac_cv_env_CPP_set=
ac_cv_env_CPP_value=
ac_cv_env_CXXCPP_set=
ac_cv_env_CXXCPP_value=
ac_cv_env_CXXFLAGS_set=
ac_cv_env_CXXFLAGS_value=
ac_cv_env_CXX_set=
ac_cv_env_CXX_value=
ac_cv_env_LDFLAGS_set=
ac_cv_env_LDFLAGS_value=
ac_cv_env_LIBS_set=
ac_cv_env_LIBS_value=
ac_cv_env_build_alias_set=
ac_cv_env_build_alias_value=
ac_cv_env_host_alias_set=
ac_cv_env_host_alias_value=
ac_cv_env_target_alias_set=
ac_cv_env_target_alias_value=
ac_cv_epoll_works=yes
ac_cv_func_dup2=yes
ac_cv_func_fork=yes
ac_cv_func_fork_works=yes
ac_cv_func_gethostname=yes
ac_cv_func_gettimeofday=yes
ac_cv_func_malloc_0_nonnull=yes
ac_cv_func_memchr=yes
ac_cv_func_memmove=yes
ac_cv_func_memset=yes
ac_cv_func_realloc_0_nonnull=yes
ac_cv_func_socket=yes
ac_cv_func_strchr=yes
ac_cv_func_strerror=yes
ac_cv_func_strndup=yes
ac_cv_func_strtoul=yes
ac_cv_func_vfork=yes
ac_cv_func_vfork_works=yes
ac_cv_header_arpa_inet_h=yes
ac_cv_header_dlfcn_h=yes
ac_cv_header_fcntl_h=yes
ac_cv_header_float_h=yes
ac_cv_header_inttypes_h=yes
ac_cv_header_limits_h=yes
ac_cv_header_memory_h=yes
ac_cv_header_netdb_h=yes
ac_cv_header_netinet_in_h=yes
ac_cv_header_stdbool_h=yes
ac_cv_header_stdc=yes
ac_cv_header_stddef_h=yes
ac_cv_header_stdint_h=yes
ac_cv_header_stdlib_h=yes
ac_cv_header_string_h=yes
ac_cv_header_strings_h=yes
ac_cv_header_sys_epoll_h=yes
ac_cv_header_sys_ioctl_h=yes
ac_cv_header_sys_socket_h=yes
ac_cv_header_sys_stat_h=yes
ac_cv_header_sys_time_h=yes
ac_cv_header_sys_types_h=yes
ac_cv_header_sys_uio_h=yes
ac_cv_header_sys_un_h=yes
ac_cv_header_unistd_h=yes
ac_cv_header_vfork_h=no
ac_cv_host=x86_64-unknown-linux-gnu
ac_cv_lib_m_pow=yes
ac_cv_lib_pthread_pthread_create=yes
ac_cv_objext=o
ac_cv_path_EGREP='/bin/grep -E'
ac_cv_path_FGREP='/bin/grep -F'
ac_cv_path_GREP=/bin/grep
ac_cv_path_SED=/bin/sed
ac_cv_path_install='/usr/bin//install -c'
ac_cv_path_mkdir=/bin/mkdir
ac_cv_prog_AWK=gawk
ac_cv_prog_CPP='gcc -E'
ac_cv_prog_CXXCPP='g++ -E'
ac_cv_prog_ac_ct_AR=ar
ac_cv_prog_ac_ct_CC=gcc
ac_cv_prog_ac_ct_CXX=g++
ac_cv_prog_ac_ct_OBJDUMP=objdump
ac_cv_prog_ac_ct_RANLIB=ranlib
ac_cv_prog_ac_ct_STRIP=strip
ac_cv_prog_cc_c89=
ac_cv_prog_cc_g=yes
ac_cv_prog_cxx_g=yes
ac_cv_prog_make_make_set=yes
ac_cv_type__Bool=yes
ac_cv_type_intmax_t=yes
ac_cv_type_intptr_t=yes
ac_cv_type_long_long_int=yes
ac_cv_type_off_t=yes
ac_cv_type_pid_t=yes
ac_cv_type_size_t=yes
ac_cv_type_ssize_t=yes
ac_cv_type_uintmax_t=yes
ac_cv_type_uintptr_t=yes
ac_cv_type_unsigned_long_long_int=yes
am_cv_CC_dependencies_compiler_type=gcc3
am_cv_CXX_dependencies_compiler_type=gcc3
lt_cv_ar_at_file=@
lt_cv_archive_cmds_need_lc=no
lt_cv_deplibs_check_method=pass_all
lt_cv_file_magic_cmd='$MAGIC_CMD'
lt_cv_file_magic_test_file=
lt_cv_ld_reload_flag=-r
lt_cv_nm_interface='BSD nm'
lt_cv_objdir=.libs
lt_cv_path_LD=/usr/local/x86_64-unknown-linux-gnu/bin/ld
lt_cv_path_LDCXX='/usr/local/x86_64-unknown-linux-gnu/bin/ld -m elf_x86_64'
lt_cv_path_NM='/usr/local/bin//nm -B'
lt_cv_path_mainfest_tool=no
lt_cv_prog_compiler_c_o=yes
lt_cv_prog_compiler_c_o_CXX=yes
lt_cv_prog_compiler_pic='-fPIC -DPIC'
lt_cv_prog_compiler_pic_CXX='-fPIC -DPIC'
lt_cv_prog_compiler_pic_works=yes
lt_cv_prog_compiler_pic_works_CXX=yes
lt_cv_prog_compiler_rtti_exceptions=no
lt_cv_prog_compiler_static_works=yes
lt_cv_prog_compiler_static_works_CXX=yes
lt_cv_prog_gnu_ld=yes
lt_cv_prog_gnu_ldcxx=yes
lt_cv_sharedlib_from_linklib_cmd='printf %s\n'
lt_cv_shlibpath_overrides_runpath=no
lt_cv_sys_global_symbol_pipe='sed -n -e '\''s/^.*[	 ]\([ABCDGIRSTW][ABCDGIRSTW]*\)[	 ][	 ]*\([_A-Za-z][_A-Za-z0-9]*\)$/\1 \2 \2/p'\'' | sed '\''/ __gnu_lto/d'\'''
lt_cv_sys_global_symbol_to_c_name_address='sed -n -e '\''s/^: \([^ ]*\)[ ]*$/  {\"\1\", (void *) 0},/p'\'' -e '\''s/^[ABCDGIRSTW]* \([^ ]*\) \([^ ]*\)$/  {"\2", (void *) \&\2},/p'\'''
lt_cv_sys_global_symbol_to_c_name_address_lib_prefix='sed -n -e '\''s/^: \([^ ]*\)[ ]*$/  {\"\1\", (void *) 0},/p'\'' -e '\''s/^[ABCDGIRSTW]* \([^ ]*\) \(lib[^ ]*\)$/  {"\2", (void *) \&\2},/p'\'' -e '\''s/^[ABCDGIRSTW]* \([^ ]*\) \([^ ]*\)$/  {"lib\2", (void *) \&\2},/p'\'''
lt_cv_sys_global_symbol_to_cdecl='sed -n -e '\''s/^T .* \(.*\)$/extern int \1();/p'\'' -e '\''s/^[ABCDGIRSTW]* .* \(.*\)$/extern char \1;/p'\'''
lt_cv_sys_max_cmd_len=98304
lt_cv_to_host_file_cmd=func_convert_file_noop
lt_cv_to_tool_file_cmd=func_convert_file_noop

## ----------------- ##
## Output variables. ##
## ----------------- ##

ACLOCAL='${SHELL} /home/zengchaoyu/package/nutcracker-0.2.4/config/missing --run aclocal-1.11'
AMDEPBACKSLASH='\'
AMDEP_FALSE='#'
AMDEP_TRUE=''
AMTAR='$${TAR-tar}'
AR='ar'
AUTOCONF='${SHELL} /home/zengchaoyu/package/nutcracker-0.2.4/config/missing --run autoconf'
AUTOHEADER='${SHELL} /home/zengchaoyu/package/nutcracker-0.2.4/config/missing --run autoheader'
AUTOMAKE='${SHELL} /home/zengchaoyu/package/nutcracker-0.2.4/config/missing --run automake-1.11'
AWK='gawk'
CC='gcc'
CCDEPMODE='depmode=gcc3'
CFLAGS='-ggdb3 -O0'
CPP='gcc -E'
CPPFLAGS=''
CXX='g++'
CXXCPP='g++ -E'
CXXDEPMODE='depmode=gcc3'
CXXFLAGS='-g -O2'
CYGPATH_W='echo'
DEFS='-DHAVE_CONFIG_H'
DEPDIR='.deps'
DLLTOOL='false'
DSYMUTIL=''
DUMPBIN=''
ECHO_C=''
ECHO_N='-n'
ECHO_T=''
EGREP='/bin/grep -E'
EXEEXT=''
FGREP='/bin/grep -F'
GREP='/bin/grep'
INSTALL_DATA='${INSTALL} -m 644'
INSTALL_PROGRAM='${INSTALL}'
INSTALL_SCRIPT='${INSTALL}'
INSTALL_STRIP_PROGRAM='$(install_sh) -c -s'
LD='/usr/local/x86_64-unknown-linux-gnu/bin/ld -m elf_x86_64'
LDFLAGS=''
LIBOBJS=''
LIBS='-lpthread -lm '
LIBTOOL='$(SHELL) $(top_builddir)/libtool'
LIPO=''
LN_S='ln -s'
LTLIBOBJS=''
MAKEINFO='${SHELL} /home/zengchaoyu/package/nutcracker-0.2.4/config/missing --run makeinfo'
MANIFEST_TOOL=':'
MKDIR_P='/bin/mkdir -p'
NM='/usr/local/bin//nm -B'
NMEDIT=''
OBJDUMP='objdump'
OBJEXT='o'
OTOOL64=''
OTOOL=''
PACKAGE='nutcracker'
PACKAGE_BUGREPORT='manj@twitter.com'
PACKAGE_NAME='nutcracker'
PACKAGE_STRING='nutcracker 0.2.4'
PACKAGE_TARNAME='nutcracker'
PACKAGE_URL=''
PACKAGE_VERSION='0.2.4'
PATH_SEPARATOR=':'
RANLIB='ranlib'
SED='/bin/sed'
SET_MAKE=''
SHELL='/bin/sh'
STRIP='strip'
VERSION='0.2.4'
ac_ct_AR='ar'
ac_ct_CC='gcc'
ac_ct_CXX='g++'
ac_ct_DUMPBIN=''
am__EXEEXT_FALSE=''
am__EXEEXT_TRUE='#'
am__fastdepCC_FALSE='#'
am__fastdepCC_TRUE=''
am__fastdepCXX_FALSE='#'
am__fastdepCXX_TRUE=''
am__include='include'
am__isrc=''
am__leading_dot='.'
am__nodep='_no'
am__quote=''
am__tar='$${TAR-tar} chof - "$$tardir"'
am__untar='$${TAR-tar} xf -'
bindir='${exec_prefix}/bin'
build='x86_64-unknown-linux-gnu'
build_alias=''
build_cpu='x86_64'
build_os='linux-gnu'
build_vendor='unknown'
datadir='${datarootdir}'
datarootdir='${prefix}/share'
docdir='${datarootdir}/doc/${PACKAGE_TARNAME}'
dvidir='${docdir}'
exec_prefix='${prefix}'
host='x86_64-unknown-linux-gnu'
host_alias=''
host_cpu='x86_64'
host_os='linux-gnu'
host_vendor='unknown'
htmldir='${docdir}'
includedir='${prefix}/include'
infodir='${datarootdir}/info'
install_sh='${SHELL} /home/zengchaoyu/package/nutcracker-0.2.4/config/install-sh'
libdir='${exec_prefix}/lib'
libexecdir='${exec_prefix}/libexec'
localedir='${datarootdir}/locale'
localstatedir='${prefix}/var'
mandir='${datarootdir}/man'
mkdir_p='/bin/mkdir -p'
oldincludedir='/usr/include'
pdfdir='${docdir}'
prefix='/usr/local'
program_transform_name='s,x,x,'
psdir='${docdir}'
sbindir='${exec_prefix}/sbin'
sharedstatedir='${prefix}/com'
subdirs=' contrib/yaml-0.1.4'
sysconfdir='${prefix}/etc'
target_alias=''

## ----------- ##
## confdefs.h. ##
## ----------- ##

/* confdefs.h */
#define PACKAGE_NAME "nutcracker"
#define PACKAGE_TARNAME "nutcracker"
#define PACKAGE_VERSION "0.2.4"
#define PACKAGE_STRING "nutcracker 0.2.4"
#define PACKAGE_BUGREPORT "manj@twitter.com"
#define PACKAGE_URL ""
#define PACKAGE "nutcracker"
#define VERSION "0.2.4"
#define NC_VERSION_MAJOR 0
#define NC_VERSION_MINOR 2
#define NC_VERSION_PATCH 4
#define NC_VERSION_STRING "0.2.4"
#define STDC_HEADERS 1
#define HAVE_SYS_TYPES_H 1
#define HAVE_SYS_STAT_H 1
#define HAVE_STDLIB_H 1
#define HAVE_STRING_H 1
#define HAVE_MEMORY_H 1
#define HAVE_STRINGS_H 1
#define HAVE_INTTYPES_H 1
#define HAVE_STDINT_H 1
#define HAVE_UNISTD_H 1
#define HAVE_DLFCN_H 1
#define LT_OBJDIR ".libs/"
#define HAVE_LONG_LONG_INT 1
#define HAVE_INTMAX_T 1
#define HAVE_INTPTR_T 1
#define HAVE_UNSIGNED_LONG_LONG_INT 1
#define HAVE_UINTMAX_T 1
#define HAVE_UINTPTR_T 1
#define HAVE_LITTLE_ENDIAN 1
#define HAVE__BOOL 1
#define HAVE_STDBOOL_H 1
#define HAVE_FCNTL_H 1
#define HAVE_FLOAT_H 1
#define HAVE_LIMITS_H 1
#define HAVE_STDDEF_H 1
#define HAVE_STDLIB_H 1
#define HAVE_STRING_H 1
#define HAVE_UNISTD_H 1
#define HAVE_INTTYPES_H 1
#define HAVE_STDINT_H 1
#define HAVE_SYS_IOCTL_H 1
#define HAVE_SYS_TIME_H 1
#define HAVE_SYS_UIO_H 1
#define HAVE_SYS_SOCKET_H 1
#define HAVE_SYS_UN_H 1
#define HAVE_NETINET_IN_H 1
#define HAVE_ARPA_INET_H 1
#define HAVE_NETDB_H 1
#define HAVE_SYS_EPOLL_H 1
#define HAVE_LIBM 1
#define HAVE_LIBPTHREAD 1
#define HAVE_FORK 1
#define HAVE_VFORK 1
#define HAVE_WORKING_VFORK 1
#define HAVE_WORKING_FORK 1
#define HAVE_STDLIB_H 1
#define HAVE_MALLOC 1
#define HAVE_STDLIB_H 1
#define HAVE_REALLOC 1
#define HAVE_DUP2 1
#define HAVE_GETHOSTNAME 1
#define HAVE_GETTIMEOFDAY 1
#define HAVE_STRERROR 1
#define HAVE_SOCKET 1
#define HAVE_MEMCHR 1
#define HAVE_MEMMOVE 1
#define HAVE_MEMSET 1
#define HAVE_STRCHR 1
#define HAVE_STRNDUP 1
#define HAVE_STRTOUL 1
#define HAVE_ASSERT_PANIC 1
#define HAVE_DEBUG_LOG 1
#define HAVE_STATS 1

configure: exit 0
